{"numTotalTestSuites":11,"numPassedTestSuites":11,"numFailedTestSuites":0,"numPendingTestSuites":0,"numTotalTests":20,"numPassedTests":20,"numFailedTests":0,"numPendingTests":0,"numTodoTests":0,"snapshot":{"added":0,"failure":false,"filesAdded":0,"filesRemoved":0,"filesRemovedList":[],"filesUnmatched":0,"filesUpdated":0,"matched":0,"total":0,"unchecked":0,"uncheckedKeysByFile":[],"unmatched":0,"updated":0,"didUpdate":false},"startTime":1784907668725,"success":true,"testResults":[{"assertionResults":[{"ancestorTitles":["form-guards"],"fullName":"form-guards honeypot fields trigger silent success path","status":"passed","title":"honeypot fields trigger silent success path","duration":2.5190999999999804,"failureMessages":[],"meta":{},"tags":[]},{"ancestorTitles":["form-guards"],"fullName":"form-guards hasConsent accepts true / 'true' / 1","status":"passed","title":"hasConsent accepts true / 'true' / 1","duration":0.46260000000006585,"failureMessages":[],"meta":{},"tags":[]},{"ancestorTitles":["form-guards"],"fullName":"form-guards evaluateFormTiming: missing / too_fast / ok / expired","status":"passed","title":"evaluateFormTiming: missing / too_fast / ok / expired","duration":0.5673999999999069,"failureMessages":[],"meta":{},"tags":[]}],"startTime":1784907669461,"endTime":1784907669464.5674,"status":"passed","message":"","name":"E:/Programming/Sites/Löwen_Defence_Ukraine/Tests/form-guards.test.ts"},{"assertionResults":[{"ancestorTitles":["password crypto"],"fullName":"password crypto hashPassword → scrypt: format and verifyPassword ok","status":"passed","title":"hashPassword → scrypt: format and verifyPassword ok","duration":146.90949999999998,"failureMessages":[],"meta":{},"tags":[]},{"ancestorTitles":["password crypto"],"fullName":"password crypto verifyPassword rejects empty / garbage","status":"passed","title":"verifyPassword rejects empty / garbage","duration":0.45830000000000837,"failureMessages":[],"meta":{},"tags":[]},{"ancestorTitles":["password crypto"],"fullName":"password crypto signPayload is stable for same input","status":"passed","title":"signPayload is stable for same input","duration":1.8540000000000418,"failureMessages":[],"meta":{},"tags":[]},{"ancestorTitles":["password crypto"],"fullName":"password crypto timingSafeEqualString","status":"passed","title":"timingSafeEqualString","duration":0.5027000000000044,"failureMessages":[],"meta":{},"tags":[]},{"ancestorTitles":["password crypto"],"fullName":"password crypto generateAuthSecret length","status":"passed","title":"generateAuthSecret length","duration":1.0756000000000085,"failureMessages":[],"meta":{},"tags":[]}],"startTime":1784907669933,"endTime":1784907670084.0757,"status":"passed","message":"","name":"E:/Programming/Sites/Löwen_Defence_Ukraine/Tests/password.test.ts"},{"assertionResults":[{"ancestorTitles":["rateLimit"],"fullName":"rateLimit allows until limit, then blocks","status":"passed","title":"allows until limit, then blocks","duration":2.6847000000000207,"failureMessages":[],"meta":{},"tags":[]},{"ancestorTitles":["rateLimit"],"fullName":"rateLimit peekRateLimit does not consume quota","status":"passed","title":"peekRateLimit does not consume quota","duration":0.44299999999998363,"failureMessages":[],"meta":{},"tags":[]},{"ancestorTitles":["rateLimit"],"fullName":"rateLimit recordRateEvent fills fail counter for login-style use","status":"passed","title":"recordRateEvent fills fail counter for login-style use","duration":0.2817000000000007,"failureMessages":[],"meta":{},"tags":[]}],"startTime":1784907670525,"endTime":1784907670528.2817,"status":"passed","message":"","name":"E:/Programming/Sites/Löwen_Defence_Ukraine/Tests/rate-limit.test.ts"},{"assertionResults":[{"ancestorTitles":["session token + password version"],"fullName":"session token + password version passwordVersion changes when hash changes","status":"passed","title":"passwordVersion changes when hash changes","duration":92.60010000000057,"failureMessages":[],"meta":{},"tags":[]},{"ancestorTitles":["session token + password version"],"fullName":"session token + password version createSessionToken embeds pv; verifySessionToken accepts","status":"passed","title":"createSessionToken embeds pv; verifySessionToken accepts","duration":47.467499999999745,"failureMessages":[],"meta":{},"tags":[]},{"ancestorTitles":["session token + password version"],"fullName":"session token + password version tampered token fails","status":"passed","title":"tampered token fails","duration":46.126900000000205,"failureMessages":[],"meta":{},"tags":[]},{"ancestorTitles":["session token + password version"],"fullName":"session token + password version createSessionToken returns null without AUTH_SECRET","status":"passed","title":"createSessionToken returns null without AUTH_SECRET","duration":0.33950000000004366,"failureMessages":[],"meta":{},"tags":[]}],"startTime":1784907674885,"endTime":1784907675071.3396,"status":"passed","message":"","name":"E:/Programming/Sites/Löwen_Defence_Ukraine/Tests/session.test.ts"},{"assertionResults":[{"ancestorTitles":["isSafeUrl"],"fullName":"isSafeUrl allows http(s), relative, tel, mailto; blocks javascript/data","status":"passed","title":"allows http(s), relative, tel, mailto; blocks javascript/data","duration":2.6678000000001703,"failureMessages":[],"meta":{},"tags":[]},{"ancestorTitles":["validateSiteContent"],"fullName":"validateSiteContent accepts defaultSiteContent","status":"passed","title":"accepts defaultSiteContent","duration":4.822400000000016,"failureMessages":[],"meta":{},"tags":[]},{"ancestorTitles":["validateSiteContent"],"fullName":"validateSiteContent rejects two featured courses","status":"passed","title":"rejects two featured courses","duration":2.2630999999996675,"failureMessages":[],"meta":{},"tags":[]},{"ancestorTitles":["validateSiteContent"],"fullName":"validateSiteContent rejects javascript: in contacts","status":"passed","title":"rejects javascript: in contacts","duration":0.6244000000001506,"failureMessages":[],"meta":{},"tags":[]},{"ancestorTitles":["validateSiteContent"],"fullName":"validateSiteContent rejects broken structure","status":"passed","title":"rejects broken structure","duration":1.0532000000002881,"failureMessages":[],"meta":{},"tags":[]}],"startTime":1784907671079,"endTime":1784907671091.0532,"status":"passed","message":"","name":"E:/Programming/Sites/Löwen_Defence_Ukraine/Tests/validate-content.test.ts"}]}