{"numTotalTestSuites":29,"numPassedTestSuites":29,"numFailedTestSuites":0,"numPendingTestSuites":0,"numTotalTests":59,"numPassedTests":59,"numFailedTests":0,"numPendingTests":0,"numTodoTests":0,"snapshot":{"added":0,"failure":false,"filesAdded":0,"filesRemoved":0,"filesRemovedList":[],"filesUnmatched":0,"filesUpdated":0,"matched":0,"total":0,"unchecked":0,"uncheckedKeysByFile":[],"unmatched":0,"updated":0,"didUpdate":false},"startTime":1785057051993,"success":true,"testResults":[{"assertionResults":[{"ancestorTitles":["parseApplicationStatus"],"fullName":"parseApplicationStatus accepts new / processed","status":"passed","title":"accepts new / processed","duration":5.359000000000037,"failureMessages":[],"meta":{},"tags":[]},{"ancestorTitles":["parseApplicationStatus"],"fullName":"parseApplicationStatus rejects garbage / empty","status":"passed","title":"rejects garbage / empty","duration":1.3286000000000513,"failureMessages":[],"meta":{},"tags":[]}],"startTime":1785057055232,"endTime":1785057055238.3286,"status":"passed","message":"","name":"E:/Programming/Sites/Löwen_Defence_Ukraine/Tests/application-status.test.ts"},{"assertionResults":[{"ancestorTitles":["ensureContentStateMarker (legacy)"],"fullName":"ensureContentStateMarker (legacy) creates state marker for legacy existing content","status":"passed","title":"creates state marker for legacy existing content","duration":320.35669999999993,"failureMessages":[],"meta":{},"tags":[]},{"ancestorTitles":["ensureContentStateMarker (legacy)"],"fullName":"ensureContentStateMarker (legacy) does nothing when marker already found","status":"passed","title":"does nothing when marker already found","duration":81.58899999999994,"failureMessages":[],"meta":{},"tags":[]}],"startTime":1785057052644,"endTime":1785057053045.589,"status":"passed","message":"","name":"E:/Programming/Sites/Löwen_Defence_Ukraine/Tests/content-state-legacy.test.ts"},{"assertionResults":[{"ancestorTitles":["resolveAdminBootstrapWhenCurrentMissing"],"fullName":"resolveAdminBootstrapWhenCurrentMissing returns default on true first run","status":"passed","title":"returns default on true first run","duration":3.939999999999941,"failureMessages":[],"meta":{},"tags":[]},{"ancestorTitles":["resolveAdminBootstrapWhenCurrentMissing"],"fullName":"resolveAdminBootstrapWhenCurrentMissing fails closed when current is missing after initialization","status":"passed","title":"fails closed when current is missing after initialization","duration":0.7828999999999269,"failureMessages":[],"meta":{},"tags":[]},{"ancestorTitles":["resolveAdminBootstrapWhenCurrentMissing"],"fullName":"resolveAdminBootstrapWhenCurrentMissing does not treat history as first run","status":"passed","title":"does not treat history as first run","duration":0.2817999999999756,"failureMessages":[],"meta":{},"tags":[]},{"ancestorTitles":["resolveAdminBootstrapWhenCurrentMissing"],"fullName":"resolveAdminBootstrapWhenCurrentMissing fails closed when state marker cannot be checked","status":"passed","title":"fails closed when state marker cannot be checked","duration":0.23029999999994288,"failureMessages":[],"meta":{},"tags":[]},{"ancestorTitles":["resolveAdminBootstrapWhenCurrentMissing"],"fullName":"resolveAdminBootstrapWhenCurrentMissing fails closed when history inspect is unavailable","status":"passed","title":"fails closed when history inspect is unavailable","duration":0.4420999999999822,"failureMessages":[],"meta":{},"tags":[]},{"ancestorTitles":["resolveAdminBootstrapWhenCurrentMissing"],"fullName":"resolveAdminBootstrapWhenCurrentMissing CONTENT_MISSING when marker found even if history exists","status":"passed","title":"CONTENT_MISSING when marker found even if history exists","duration":0.25509999999997035,"failureMessages":[],"meta":{},"tags":[]},{"ancestorTitles":["parseContentState"],"fullName":"parseContentState treats corrupted state.json as unavailable, not not_found","status":"passed","title":"treats corrupted state.json as unavailable, not not_found","duration":3.2152000000000953,"failureMessages":[],"meta":{},"tags":[]},{"ancestorTitles":["parseContentState"],"fullName":"parseContentState accepts valid state","status":"passed","title":"accepts valid state","duration":0.8632000000000062,"failureMessages":[],"meta":{},"tags":[]}],"startTime":1785057054539,"endTime":1785057054548.8633,"status":"passed","message":"","name":"E:/Programming/Sites/Löwen_Defence_Ukraine/Tests/content-state.test.ts"},{"assertionResults":[{"ancestorTitles":["form-guards"],"fullName":"form-guards honeypot fields trigger silent success path","status":"passed","title":"honeypot fields trigger silent success path","duration":3.519300000000044,"failureMessages":[],"meta":{},"tags":[]},{"ancestorTitles":["form-guards"],"fullName":"form-guards hasConsent accepts true / 'true' / 1","status":"passed","title":"hasConsent accepts true / 'true' / 1","duration":0.4800999999999931,"failureMessages":[],"meta":{},"tags":[]},{"ancestorTitles":["form-guards"],"fullName":"form-guards evaluateFormTiming: missing / too_fast / ok / expired","status":"passed","title":"evaluateFormTiming: missing / too_fast / ok / expired","duration":0.5255999999999972,"failureMessages":[],"meta":{},"tags":[]}],"startTime":1785057055017,"endTime":1785057055021.5256,"status":"passed","message":"","name":"E:/Programming/Sites/Löwen_Defence_Ukraine/Tests/form-guards.test.ts"},{"assertionResults":[{"ancestorTitles":["login route vs password store"],"fullName":"login route vs password store password store unavailable → login returns 503","status":"passed","title":"password store unavailable → login returns 503","duration":261.69589999999994,"failureMessages":[],"meta":{},"tags":[]}],"startTime":1785057052625,"endTime":1785057052886.6958,"status":"passed","message":"","name":"E:/Programming/Sites/Löwen_Defence_Ukraine/Tests/login-password-store.test.ts"},{"assertionResults":[{"ancestorTitles":["resolvePasswordBootstrap"],"fullName":"resolvePasswordBootstrap found hash + any marker → use_hash","status":"passed","title":"found hash + any marker → use_hash","duration":2.8882999999999583,"failureMessages":[],"meta":{},"tags":[]},{"ancestorTitles":["resolvePasswordBootstrap"],"fullName":"resolvePasswordBootstrap not_found hash + not_found marker → bootstrap","status":"passed","title":"not_found hash + not_found marker → bootstrap","duration":0.29719999999997526,"failureMessages":[],"meta":{},"tags":[]},{"ancestorTitles":["resolvePasswordBootstrap"],"fullName":"resolvePasswordBootstrap not_found hash + found marker → PASSWORD_HASH_MISSING","status":"passed","title":"not_found hash + found marker → PASSWORD_HASH_MISSING","duration":0.25070000000005166,"failureMessages":[],"meta":{},"tags":[]},{"ancestorTitles":["resolvePasswordBootstrap"],"fullName":"resolvePasswordBootstrap not_found hash + unavailable marker → blocked","status":"passed","title":"not_found hash + unavailable marker → blocked","duration":0.241800000000012,"failureMessages":[],"meta":{},"tags":[]},{"ancestorTitles":["resolvePasswordBootstrap"],"fullName":"resolvePasswordBootstrap unavailable hash → blocked regardless of marker","status":"passed","title":"unavailable hash → blocked regardless of marker","duration":0.23129999999991924,"failureMessages":[],"meta":{},"tags":[]},{"ancestorTitles":["resolvePasswordBootstrap"],"fullName":"resolvePasswordBootstrap empty / corrupted hash → corrupted, never bootstrap","status":"passed","title":"empty / corrupted hash → corrupted, never bootstrap","duration":0.2961999999999989,"failureMessages":[],"meta":{},"tags":[]},{"ancestorTitles":["resolvePasswordBootstrap"],"fullName":"resolvePasswordBootstrap unsupported hash format helpers","status":"passed","title":"unsupported hash format helpers","duration":0.3949000000000069,"failureMessages":[],"meta":{},"tags":[]},{"ancestorTitles":["parsePasswordState"],"fullName":"parsePasswordState corrupted state is not not_found","status":"passed","title":"corrupted state is not not_found","duration":2.4508999999999332,"failureMessages":[],"meta":{},"tags":[]},{"ancestorTitles":["parsePasswordState"],"fullName":"parsePasswordState accepts valid state","status":"passed","title":"accepts valid state","duration":0.45049999999991996,"failureMessages":[],"meta":{},"tags":[]}],"startTime":1785057054524,"endTime":1785057054532.4504,"status":"passed","message":"","name":"E:/Programming/Sites/Löwen_Defence_Ukraine/Tests/password-state.test.ts"},{"assertionResults":[{"ancestorTitles":["password store with Data Blob configured"],"fullName":"password store with Data Blob configured found legacy hash + missing marker → hash works and ensure is attempted","status":"passed","title":"found legacy hash + missing marker → hash works and ensure is attempted","duration":334.2595,"failureMessages":[],"meta":{},"tags":[]},{"ancestorTitles":["password store with Data Blob configured"],"fullName":"password store with Data Blob configured Data Blob configured → local hash is ignored (bootstrap uses env)","status":"passed","title":"Data Blob configured → local hash is ignored (bootstrap uses env)","duration":5.477500000000077,"failureMessages":[],"meta":{},"tags":[]},{"ancestorTitles":["password store with Data Blob configured"],"fullName":"password store with Data Blob configured not_found hash + found marker → PASSWORD_HASH_MISSING","status":"passed","title":"not_found hash + found marker → PASSWORD_HASH_MISSING","duration":8.468600000000038,"failureMessages":[],"meta":{},"tags":[]},{"ancestorTitles":["password store with Data Blob configured"],"fullName":"password store with Data Blob configured empty hash object → corrupted, never bootstrap","status":"passed","title":"empty hash object → corrupted, never bootstrap","duration":4.085300000000075,"failureMessages":[],"meta":{},"tags":[]}],"startTime":1785057052658,"endTime":1785057053012.0852,"status":"passed","message":"","name":"E:/Programming/Sites/Löwen_Defence_Ukraine/Tests/password-store-blob.test.ts"},{"assertionResults":[{"ancestorTitles":["password crypto"],"fullName":"password crypto hashPassword → scrypt: format and verifyPassword ok","status":"passed","title":"hashPassword → scrypt: format and verifyPassword ok","duration":193.3922,"failureMessages":[],"meta":{},"tags":[]},{"ancestorTitles":["password crypto"],"fullName":"password crypto verifyPassword rejects empty / garbage","status":"passed","title":"verifyPassword rejects empty / garbage","duration":0.538599999999974,"failureMessages":[],"meta":{},"tags":[]},{"ancestorTitles":["password crypto"],"fullName":"password crypto signPayload is stable for same input","status":"passed","title":"signPayload is stable for same input","duration":5.060100000000034,"failureMessages":[],"meta":{},"tags":[]},{"ancestorTitles":["password crypto"],"fullName":"password crypto timingSafeEqualString","status":"passed","title":"timingSafeEqualString","duration":0.45499999999992724,"failureMessages":[],"meta":{},"tags":[]},{"ancestorTitles":["password crypto"],"fullName":"password crypto generateAuthSecret length","status":"passed","title":"generateAuthSecret length","duration":1.1738000000000284,"failureMessages":[],"meta":{},"tags":[]}],"startTime":1785057053577,"endTime":1785057053778.1738,"status":"passed","message":"","name":"E:/Programming/Sites/Löwen_Defence_Ukraine/Tests/password.test.ts"},{"assertionResults":[{"ancestorTitles":["rateLimit"],"fullName":"rateLimit allows until limit, then blocks","status":"passed","title":"allows until limit, then blocks","duration":2.642599999999959,"failureMessages":[],"meta":{},"tags":[]},{"ancestorTitles":["rateLimit"],"fullName":"rateLimit peekRateLimit does not consume quota","status":"passed","title":"peekRateLimit does not consume quota","duration":0.43530000000004065,"failureMessages":[],"meta":{},"tags":[]},{"ancestorTitles":["rateLimit"],"fullName":"rateLimit recordRateEvent fills fail counter for login-style use","status":"passed","title":"recordRateEvent fills fail counter for login-style use","duration":0.27909999999997126,"failureMessages":[],"meta":{},"tags":[]}],"startTime":1785057055491,"endTime":1785057055494.4353,"status":"passed","message":"","name":"E:/Programming/Sites/Löwen_Defence_Ukraine/Tests/rate-limit.test.ts"},{"assertionResults":[{"ancestorTitles":["session token + password version"],"fullName":"session token + password version passwordVersion changes when hash changes","status":"passed","title":"passwordVersion changes when hash changes","duration":135.99630000000002,"failureMessages":[],"meta":{},"tags":[]},{"ancestorTitles":["session token + password version"],"fullName":"session token + password version createSessionToken embeds pv; verifySessionToken accepts","status":"passed","title":"createSessionToken embeds pv; verifySessionToken accepts","duration":68.2460000000001,"failureMessages":[],"meta":{},"tags":[]},{"ancestorTitles":["session token + password version"],"fullName":"session token + password version tampered token fails","status":"passed","title":"tampered token fails","duration":81.5498,"failureMessages":[],"meta":{},"tags":[]},{"ancestorTitles":["session token + password version"],"fullName":"session token + password version createSessionToken returns null without AUTH_SECRET","status":"passed","title":"createSessionToken returns null without AUTH_SECRET","duration":1.1683000000000447,"failureMessages":[],"meta":{},"tags":[]}],"startTime":1785057054686,"endTime":1785057054973.1682,"status":"passed","message":"","name":"E:/Programming/Sites/Löwen_Defence_Ukraine/Tests/session.test.ts"},{"assertionResults":[{"ancestorTitles":["getStorageStatus"],"fullName":"getStorageStatus ready only when both tokens set","status":"passed","title":"ready only when both tokens set","duration":3.0382999999999356,"failureMessages":[],"meta":{},"tags":[]}],"startTime":1785057056271,"endTime":1785057056274.0383,"status":"passed","message":"","name":"E:/Programming/Sites/Löwen_Defence_Ukraine/Tests/storage-status.test.ts"},{"assertionResults":[{"ancestorTitles":["isSafeUrl"],"fullName":"isSafeUrl allows http(s), relative, tel, mailto; blocks javascript/data","status":"passed","title":"allows http(s), relative, tel, mailto; blocks javascript/data","duration":2.820699999999988,"failureMessages":[],"meta":{},"tags":[]},{"ancestorTitles":["isSafeImageUrl"],"fullName":"isSafeImageUrl allows https and relative; blocks data/javascript/blob/tel","status":"passed","title":"allows https and relative; blocks data/javascript/blob/tel","duration":0.6522999999999683,"failureMessages":[],"meta":{},"tags":[]},{"ancestorTitles":["validateSiteContent"],"fullName":"validateSiteContent accepts defaultSiteContent","status":"passed","title":"accepts defaultSiteContent","duration":7.65319999999997,"failureMessages":[],"meta":{},"tags":[]},{"ancestorTitles":["validateSiteContent"],"fullName":"validateSiteContent rejects two featured courses","status":"passed","title":"rejects two featured courses","duration":5.46690000000001,"failureMessages":[],"meta":{},"tags":[]},{"ancestorTitles":["validateSiteContent"],"fullName":"validateSiteContent rejects javascript: in contacts","status":"passed","title":"rejects javascript: in contacts","duration":1.6678000000000566,"failureMessages":[],"meta":{},"tags":[]},{"ancestorTitles":["validateSiteContent"],"fullName":"validateSiteContent rejects broken structure","status":"passed","title":"rejects broken structure","duration":1.4420999999999822,"failureMessages":[],"meta":{},"tags":[]},{"ancestorTitles":["validateSiteContent"],"fullName":"validateSiteContent rejects focal values outside 0..100","status":"passed","title":"rejects focal values outside 0..100","duration":2.65969999999993,"failureMessages":[],"meta":{},"tags":[]},{"ancestorTitles":["validateSiteContent"],"fullName":"validateSiteContent rejects duplicate course ids","status":"passed","title":"rejects duplicate course ids","duration":1.755899999999997,"failureMessages":[],"meta":{},"tags":[]},{"ancestorTitles":["validateSiteContent"],"fullName":"validateSiteContent rejects duplicate team ids","status":"passed","title":"rejects duplicate team ids","duration":1.3278999999999996,"failureMessages":[],"meta":{},"tags":[]},{"ancestorTitles":["validateSiteContent"],"fullName":"validateSiteContent rejects data: and javascript: image urls","status":"passed","title":"rejects data: and javascript: image urls","duration":2.4945999999999913,"failureMessages":[],"meta":{},"tags":[]},{"ancestorTitles":["validateSiteContent"],"fullName":"validateSiteContent rejects invalid email","status":"passed","title":"rejects invalid email","duration":1.3375999999999522,"failureMessages":[],"meta":{},"tags":[]},{"ancestorTitles":["validateSiteContent"],"fullName":"validateSiteContent rejects unknown schemaVersion","status":"passed","title":"rejects unknown schemaVersion","duration":7.694499999999948,"failureMessages":[],"meta":{},"tags":[]},{"ancestorTitles":["validateSiteContent"],"fullName":"validateSiteContent rejects empty course title and team name","status":"passed","title":"rejects empty course title and team name","duration":2.247799999999984,"failureMessages":[],"meta":{},"tags":[]},{"ancestorTitles":["validateSiteContent"],"fullName":"validateSiteContent rejects featured course when it is disabled","status":"passed","title":"rejects featured course when it is disabled","duration":1.5012000000000398,"failureMessages":[],"meta":{},"tags":[]},{"ancestorTitles":["validateSiteContentInput"],"fullName":"validateSiteContentInput normalizes course and team order","status":"passed","title":"normalizes course and team order","duration":2.855899999999906,"failureMessages":[],"meta":{},"tags":[]},{"ancestorTitles":["validateSiteContentInput"],"fullName":"validateSiteContentInput ignores client updatedAt","status":"passed","title":"ignores client updatedAt","duration":0.7351999999999634,"failureMessages":[],"meta":{},"tags":[]},{"ancestorTitles":["validateSiteContentInput"],"fullName":"validateSiteContentInput accepts defaultSiteContent without relying on client updatedAt","status":"passed","title":"accepts defaultSiteContent without relying on client updatedAt","duration":1.3091000000000577,"failureMessages":[],"meta":{},"tags":[]}],"startTime":1785057053786,"endTime":1785057053832.309,"status":"passed","message":"","name":"E:/Programming/Sites/Löwen_Defence_Ukraine/Tests/validate-content.test.ts"}]}